info: O usuário de id 1 não foi encontrado
info: O usuário de id 1 não foi encontrado
info: Um novo usuário foi registrado no banco de dados.
info: Um novo usuário foi registrado no banco de dados.
info: Um novo usuário foi registrado no banco de dados.
info: Um novo usuário foi registrado no banco de dados.
info: Um novo usuário foi registrado no banco de dados.
error: Ocorreu um erro na hora de criar um usuário. Erro:Error: Duplicata du champ 'A20047' pour la clef 'user'
error: Ocorreu um erro na hora de criar um usuário.Error: Duplicata du champ 'A20047' pour la clef 'user'
info: Um novo usuário foi registrado no banco de dados.
info: Um novo usuário foi registrado no banco de dados.
error: Ocorreu um erro na hora de criar um usuário. Error: Erreur de syntaxe près de 'FROM users WHERE user = 'A20047' LIMIT 1' à la ligne 1
error: Ocorreu um erro na hora de criar um usuário. Error: Erreur de syntaxe près de 'FROM users WHERE user = 'A20047' LIMIT 1' à la ligne 1
error: Ocorreu um erro na hora de criar um usuário. Error: data and hash arguments required
error: Ocorreu um erro na hora de criar um usuário. Error: data and hash arguments required
error: Ocorreu um erro na hora de criar um usuário. Error: data and hash arguments required
info: Um novo usuário foi registrado no banco de dados.
info: O usuário 3 inseriu uma tarefa
info: O usuário 3 inseriu uma tarefa
info: O usuário 3 inseriu uma tarefa
info: O usuário 3 inseriu uma tarefa
info: O usuário 3 inseriu uma tarefa
info: O usuário 3 inseriu uma tarefa
info: O usuário 3 inseriu uma tarefa
info: O usuário 3 inseriu uma tarefa
info: O usuário 3 inseriu uma tarefa
info: O usuário 3 inseriu uma tarefa
info: O usuário 3 inseriu uma tarefa
info: O usuário 3 inseriu uma tarefa
info: O usuário 3 inseriu uma tarefa
info: O usuário 3 inseriu uma tarefa
info: O usuário 3 inseriu uma tarefa
info: O usuário 3 inseriu uma tarefa
info: O usuário 3 inseriu uma tarefa
<<<<<<< HEAD
=======
info: O usuário 3 inseriu uma tarefa
info: O usuário 3 inseriu uma tarefa
info: O usuário 3 inseriu uma tarefa
info: Um novo usuário foi registrado no banco de dados.
info: O usuário 4 inseriu uma tarefa
info: Um novo usuário foi registrado no banco de dados.
info: Um novo usuário foi registrado no banco de dados.
info: O usuário 5 inseriu uma tarefa
info: O usuário 4 inseriu uma tarefa
info: O usuário 3 inseriu uma tarefa
info: O usuário 3 inseriu uma tarefa
info: O usuário 3 inseriu uma tarefa
info: O usuário 3 inseriu uma tarefa
info: O usuário 3 inseriu uma anotação
info: O usuário 3 inseriu uma anotação
info: O usuário 3 inseriu uma anotação
info: O usuário 3 inseriu uma anotação
>>>>>>> 9bde0847a57840b1afdc57520be8c087f00e7fa7
info: O usuário 3 inseriu uma anotação
info: O usuário 3 inseriu uma anotação
info: O usuário 3 inseriu uma tarefa
info: Um novo usuário foi registrado no banco de dados.
info: O usuário 7 inseriu uma anotação
info: O usuário 3 inseriu uma tarefa
info: O usuário 3 inseriu uma tarefa
info: O usuário 3 inseriu uma tarefa
info: O usuário 3 inseriu uma tarefa
info: O usuário 3 inseriu uma anotação
info: Um novo usuário foi registrado no banco de dados.
info: O usuário 8 inseriu uma tarefa
info: O usuário 8 inseriu uma anotação
info: O usuário 8 inseriu uma tarefa
info: Um novo usuário foi registrado no banco de dados.
info: Um novo usuário foi registrado no banco de dados.
info: Um novo usuário foi registrado no banco de dados.
info: O usuário 3 inseriu uma tarefa
info: O usuário 3 inseriu uma tarefa
info: O usuário 3 inseriu uma tarefa
info: O usuário 3 inseriu uma tarefa
info: O usuário 3 inseriu uma tarefa
info: O usuário 3 inseriu uma tarefa
info: O usuário 3 inseriu uma tarefa
info: O usuário 3 inseriu uma tarefa
info: O usuário 3 inseriu uma tarefa
info: O usuário 3 inseriu uma tarefa
info: O usuário 3 inseriu uma tarefa
info: O usuário 3 inseriu uma tarefa
info: O usuário 3 inseriu uma tarefa
info: O usuário 3 inseriu uma tarefa
info: O usuário 3 inseriu uma tarefa
info: O usuário 3 inseriu uma tarefa
info: O usuário 3 inseriu uma tarefa
info: O usuário 3 inseriu uma tarefa
info: O usuário 3 inseriu uma tarefa
info: O usuário 3 inseriu uma tarefa
info: O usuário 3 inseriu uma tarefa
info: O usuário 3 inseriu uma tarefa
info: O usuário 3 inseriu uma tarefa
info: O usuário 3 inseriu uma tarefa
info: O usuário 3 inseriu uma tarefa
info: O usuário 3 inseriu uma tarefa
info: O usuário 3 inseriu uma tarefa
info: O usuário 3 inseriu uma tarefa
info: O usuário 3 inseriu uma tarefa
info: O usuário 3 inseriu uma tarefa
info: O usuário 3 inseriu uma tarefa
info: O usuário 3 inseriu uma tarefa
info: O usuário 3 inseriu uma tarefa
info: O usuário 3 inseriu uma tarefa
info: O usuário 3 inseriu uma tarefa
info: O usuário 3 inseriu uma tarefa
info: O usuário 3 inseriu uma tarefa
info: O usuário 3 inseriu uma tarefa
info: O usuário 3 inseriu uma tarefa
info: O usuário 3 inseriu uma tarefa
info: O usuário 3 inseriu uma tarefa
info: O usuário 3 inseriu uma tarefa
info: O usuário 3 inseriu uma tarefa
info: O usuário 3 inseriu uma tarefa
info: O usuário 3 inseriu uma tarefa
info: O usuário 3 inseriu uma tarefa
info: O usuário 3 inseriu uma tarefa
info: O usuário 3 inseriu uma tarefa
info: O usuário 3 inseriu uma tarefa
info: O usuário 3 inseriu uma tarefa
info: O usuário 3 inseriu uma tarefa
info: O usuário 3 inseriu uma tarefa
info: O usuário 3 inseriu uma tarefa
info: O usuário 3 inseriu uma tarefa
info: O usuário 3 inseriu uma tarefa
info: O usuário 3 inseriu uma tarefa
info: O usuário 3 inseriu uma tarefa
info: O usuário 3 inseriu uma tarefa
info: O usuário 3 inseriu uma tarefa
info: O usuário 3 inseriu uma tarefa
info: O usuário 3 inseriu uma tarefa
info: O usuário 3 inseriu uma tarefa
info: O usuário 3 inseriu uma tarefa
info: O usuário 3 inseriu uma tarefa
info: O usuário 3 inseriu uma tarefa
info: O usuário 3 inseriu uma tarefa
info: O usuário 3 inseriu uma tarefa
info: O usuário 3 inseriu uma tarefa
info: O usuário 3 inseriu uma tarefa
info: O usuário 3 inseriu uma tarefa
info: O usuário 3 inseriu uma tarefa
info: O usuário 3 inseriu uma tarefa
info: O usuário 3 inseriu uma tarefa
info: O usuário 3 inseriu uma tarefa
info: O usuário 3 inseriu uma tarefa
info: O usuário 3 inseriu uma tarefa
info: O usuário 3 inseriu uma tarefa
info: O usuário 3 inseriu uma tarefa
info: O usuário 3 inseriu uma tarefa
info: O usuário 3 inseriu uma tarefa
info: O usuário 3 inseriu uma tarefa
info: O usuário 3 inseriu uma tarefa
info: O usuário 3 inseriu uma tarefa
info: O usuário 3 inseriu uma tarefa
info: O usuário 3 inseriu uma tarefa
info: O usuário 3 inseriu uma tarefa
info: O usuário 3 inseriu uma tarefa
info: O usuário 3 inseriu uma tarefa
info: O usuário 3 inseriu uma tarefa
info: O usuário 3 inseriu uma tarefa
info: O usuário 3 inseriu uma tarefa
info: O usuário 3 inseriu uma tarefa
info: O usuário 3 inseriu uma tarefa
info: O usuário 3 inseriu uma tarefa
info: O usuário 3 inseriu uma tarefa
info: O usuário 3 inseriu uma tarefa
info: O usuário 3 inseriu uma tarefa
info: O usuário 3 inseriu uma tarefa
info: O usuário 3 inseriu uma tarefa
info: O usuário 3 inseriu uma tarefa
info: O usuário 3 inseriu uma tarefa
info: O usuário 3 inseriu uma tarefa
info: O usuário 3 inseriu uma tarefa
info: O usuário 3 inseriu uma tarefa
info: O usuário 3 inseriu uma tarefa
info: O usuário 3 inseriu uma tarefa
info: O usuário 3 inseriu uma tarefa
info: O usuário 3 inseriu uma tarefa
info: O usuário 3 inseriu uma anotação
info: O usuário 3 inseriu uma tarefa
info: O usuário 3 inseriu uma tarefa
info: O usuário 8 inseriu uma tarefa
info: O usuário 8 inseriu uma tarefa
info: O usuário 3 inseriu uma tarefa
info: O usuário 3 inseriu uma tarefa
info: O usuário 3 inseriu uma anotação
info: O usuário 3 inseriu uma tarefa
info: O usuário 3 inseriu uma tarefa
info: Um novo usuário foi registrado no banco de dados.
info: O usuário 1 inseriu uma tarefa
info: O usuário 1 inseriu uma tarefa
info: O usuário 1 inseriu uma tarefa
info: O usuário 1 inseriu uma anotação
info: O usuário 1 inseriu uma anotação
info: O usuário 1 inseriu uma tarefa
info: O usuário 1 inseriu uma tarefa
info: O usuário 1 inseriu uma tarefa
info: O usuário 1 inseriu uma tarefa
info: O usuário 1 inseriu uma tarefa
info: O usuário 1 inseriu uma tarefa
info: O usuário 1 inseriu uma tarefa
info: O usuário 1 inseriu uma tarefa
info: O usuário 1 inseriu uma tarefa
info: O usuário 1 inseriu uma tarefa
info: O usuário 1 inseriu uma tarefa
info: O usuário 1 inseriu uma tarefa
info: O usuário 1 inseriu uma tarefa
info: O usuário 1 inseriu uma tarefa
info: O usuário 1 inseriu uma tarefa
info: O usuário 1 inseriu uma tarefa
info: O usuário 1 inseriu uma tarefa
info: O usuário 1 inseriu uma tarefa
info: O usuário 1 inseriu uma tarefa
info: O usuário 1 inseriu uma tarefa
info: O usuário 1 inseriu uma tarefa
info: O usuário 1 inseriu uma tarefa
info: O usuário 1 inseriu uma tarefa
info: O usuário 1 inseriu uma tarefa
info: O usuário 1 inseriu uma tarefa
info: O usuário 1 inseriu uma tarefa
info: O usuário 1 inseriu uma tarefa
info: O usuário 1 inseriu uma tarefa
info: O usuário 1 inseriu uma tarefa
info: O usuário 1 inseriu uma tarefa
info: O usuário 1 inseriu uma tarefa
info: O usuário 1 inseriu uma tarefa
info: O usuário 1 inseriu uma tarefa
info: O usuário 1 inseriu uma tarefa
info: O usuário 1 inseriu uma tarefa
info: O usuário 1 inseriu uma tarefa
info: O usuário 1 inseriu uma tarefa
info: O usuário 1 inseriu uma tarefa
info: O usuário 1 inseriu uma tarefa
info: O usuário 1 inseriu uma tarefa
info: O usuário 1 inseriu uma tarefa
info: O usuário 1 inseriu uma tarefa
info: O usuário 1 inseriu uma tarefa
info: O usuário 1 inseriu uma tarefa
info: O usuário 1 inseriu uma tarefa
info: O usuário 1 inseriu uma tarefa
info: O usuário 1 inseriu uma tarefa
info: O usuário 1 inseriu uma tarefa
info: O usuário 1 inseriu uma tarefa
info: O usuário 1 inseriu uma tarefa
info: O usuário 1 inseriu uma tarefa
info: O usuário 1 inseriu uma tarefa
info: O usuário 1 inseriu uma tarefa
info: O usuário 1 inseriu uma tarefa
info: O usuário 1 inseriu uma tarefa
info: O usuário 1 inseriu uma tarefa
info: O usuário 1 inseriu uma tarefa
info: O usuário 1 inseriu uma tarefa
info: O usuário 1 inseriu uma tarefa
info: O usuário 1 inseriu uma tarefa
info: O usuário 1 inseriu uma tarefa
info: O usuário 1 inseriu uma tarefa
info: O usuário 1 inseriu uma tarefa
info: O usuário 1 inseriu uma tarefa
info: O usuário 1 inseriu uma tarefa
info: O usuário 1 inseriu uma tarefa
info: O usuário 1 inseriu uma tarefa
info: O usuário 1 inseriu uma tarefa
info: O usuário 1 inseriu uma tarefa
info: O usuário 1 inseriu uma tarefa
info: O usuário 1 inseriu uma tarefa
info: O usuário 1 inseriu uma tarefa
info: O usuário 1 inseriu uma tarefa
info: O usuário 1 inseriu uma anotação
info: O usuário 1 inseriu uma anotação
info: O usuário 1 inseriu uma anotação
info: O usuário 1 inseriu uma anotação
info: O usuário 1 inseriu uma anotação
info: O usuário 1 inseriu uma anotação
info: O usuário 1 inseriu uma anotação
info: O usuário 1 inseriu uma anotação
info: O usuário 1 inseriu uma anotação
info: O usuário 1 inseriu uma anotação
info: O usuário 1 inseriu uma tarefa
info: O usuário 1 inseriu uma anotação
info: O usuário 1 inseriu uma anotação
info: O usuário 1 inseriu uma anotação
info: O usuário 1 inseriu uma anotação
info: O usuário 1 inseriu uma anotação
info: O usuário 1 inseriu uma anotação
info: O usuário 1 inseriu uma tarefa
info: O usuário 1 inseriu uma tarefa
info: O usuário 1 inseriu uma tarefa
info: O usuário undefined apagou uma anotação
info: O usuário undefined apagou uma anotação
info: O usuário undefined apagou uma anotação
info: O usuário undefined apagou uma anotação
info: O usuário undefined apagou uma anotação
info: O usuário undefined apagou uma anotação
info: O usuário undefined apagou uma anotação
info: O usuário undefined apagou uma anotação
info: O usuário undefined apagou uma anotação
info: O usuário undefined apagou uma anotação
info: O usuário undefined apagou uma anotação
info: O usuário undefined apagou uma anotação
info: O usuário undefined apagou uma anotação
info: O usuário undefined apagou uma anotação
info: O usuário undefined apagou uma anotação
info: O usuário undefined apagou uma anotação
info: O usuário undefined apagou uma anotação
info: O usuário undefined apagou uma anotação
info: O usuário undefined apagou uma anotação
info: O usuário undefined apagou uma anotação
info: O usuário undefined apagou uma anotação
info: O usuário undefined apagou uma anotação
info: O usuário undefined apagou uma anotação
info: O usuário undefined apagou uma anotação
info: O usuário undefined apagou uma anotação
info: O usuário undefined apagou uma anotação
info: O usuário undefined apagou uma anotação
info: O usuário undefined apagou uma anotação
info: O usuário undefined apagou uma anotação
info: O usuário undefined apagou uma anotação
info: O usuário undefined apagou uma anotação
info: O usuário undefined apagou uma anotação
info: O usuário undefined apagou uma anotação
info: O usuário undefined apagou uma anotação
info: O usuário undefined apagou uma anotação
info: O usuário undefined apagou uma anotação
info: O usuário undefined apagou uma anotação
info: O usuário undefined apagou uma anotação
info: O usuário undefined apagou uma anotação
info: O usuário undefined apagou uma anotação
info: O usuário undefined apagou uma anotação
info: O usuário undefined apagou uma anotação
info: O usuário undefined apagou uma anotação
info: O usuário undefined apagou uma anotação
info: O usuário undefined apagou uma anotação
info: O usuário undefined apagou uma anotação
info: O usuário undefined apagou uma anotação
info: O usuário undefined apagou uma anotação
info: O usuário undefined apagou uma anotação
info: O usuário undefined apagou uma anotação
info: O usuário undefined apagou uma anotação
info: O usuário undefined apagou uma anotação
info: O usuário undefined apagou uma anotação
info: O usuário undefined apagou uma anotação
info: O usuário undefined apagou uma anotação
info: O usuário undefined apagou uma anotação
info: O usuário undefined apagou uma anotação
info: O usuário undefined apagou uma anotação
info: O usuário 1 inseriu uma tarefa
info: O usuário undefined apagou uma anotação
info: O usuário undefined apagou uma anotação
info: O usuário undefined apagou uma anotação
info: O usuário undefined apagou uma anotação
info: O usuário 1 inseriu uma tarefa
info: O usuário 1 inseriu uma tarefa
info: O usuário 1 inseriu uma tarefa
info: O usuário undefined apagou uma anotação
info: O usuário 1 inseriu uma anotação
info: O usuário undefined apagou uma anotação
info: Um novo usuário foi registrado no banco de dados.
info: O usuário 2 inseriu uma anotação
info: O usuário undefined apagou uma anotação
info: O usuário 1 inseriu uma tarefa
info: O usuário 1 inseriu uma tarefa
info: O usuário 1 inseriu uma tarefa
info: O usuário undefined apagou uma anotação
info: O usuário undefined apagou uma anotação
info: O usuário undefined apagou uma anotação
info: O usuário undefined apagou uma anotação
info: O usuário undefined apagou uma anotação
info: O usuário undefined apagou uma anotação
info: O usuário undefined apagou uma anotação
info: O usuário undefined apagou uma anotação
info: O usuário undefined apagou uma anotação
info: O usuário 1 inseriu uma tarefa
info: O usuário 1 inseriu uma anotação
info: O usuário 1 inseriu uma tarefa
info: Um novo usuário foi registrado no banco de dados.
info: O usuário 3 inseriu uma tarefa
info: O usuário 3 inseriu uma anotação
info: O usuário undefined apagou uma anotação
info: Um novo usuário foi registrado no banco de dados.
info: Um novo usuário foi registrado no banco de dados.
info: O usuário 5 inseriu uma tarefa
info: O usuário 5 inseriu uma anotação
info: O usuário undefined apagou uma anotação
info: O usuário 1 inseriu uma tarefa
info: O usuário 1 inseriu uma tarefa
<<<<<<< HEAD
info: O usuário undefined apagou uma anotação
info: O usuário 1 inseriu uma anotação
info: O usuário undefined apagou uma anotação
=======
info: O usuário 1 inseriu uma tarefa
>>>>>>> 9521baaed7d1ee8fb9f58545494ab4205f5a3df7
info: O usuário 1 inseriu uma anotação
info: O usuário undefined apagou uma anotação
info: O usuário 1 inseriu uma anotação
info: O usuário undefined apagou uma anotação
info: O usuário 1 inseriu uma tarefa
info: O usuário 1 inseriu uma tarefa
info: Um novo usuário foi registrado no banco de dados.
info: Um novo usuário foi registrado no banco de dados.
info: Um novo usuário foi registrado no banco de dados.
info: Um novo usuário foi registrado no banco de dados.
info: O usuário 9 inseriu uma anotação
info: O usuário 9 inseriu uma tarefa
info: O usuário 9 apagou uma anotação
info: O usuário 1 inseriu uma anotação
info: O usuário 1 apagou uma anotação
info: O usuário 1 inseriu uma anotação
info: O usuário 1 apagou uma anotação
info: O usuário 1 inseriu uma anotação
info: O usuário 1 apagou uma anotação
info: O usuário 1 inseriu uma anotação
info: Um novo usuário foi registrado no banco de dados.
info: Um novo usuário foi registrado no banco de dados.
info: O usuário 1 inseriu uma tarefa
info: O usuário 1 inseriu uma anotação
info: O usuário 1 apagou uma anotação
info: O usuário 1 inseriu uma anotação
info: O usuário 1 inseriu uma tarefa
info: O usuário 1 inseriu uma tarefa
info: O usuário 1 inseriu uma tarefa
info: O usuário 1 inseriu uma tarefa
info: O usuário 1 apagou uma anotação
info: O usuário 1 inseriu uma tarefa
info: O usuário 1 inseriu uma tarefa
info: O usuário 1 inseriu uma tarefa
info: O usuário 1 inseriu uma tarefa
info: O usuário 1 inseriu uma tarefa
info: O usuário 1 inseriu uma anotação
info: O usuário 1 inseriu uma tarefa
info: O usuário 1 inseriu uma tarefa
info: O usuário 1 inseriu uma tarefa
info: O usuário 1 inseriu uma tarefa
info: O usuário 1 inseriu uma tarefa
info: O usuário 1 inseriu uma tarefa
info: O usuário 1 inseriu uma tarefa
info: O usuário 1 inseriu uma tarefa
info: O usuário 1 inseriu uma tarefa
info: O usuário 1 inseriu uma tarefa
info: O usuário 1 inseriu uma tarefa
info: O usuário 1 inseriu uma tarefa
info: O usuário 1 inseriu uma tarefa
<<<<<<< HEAD
info: O usuário 1 inseriu uma tarefa
info: O usuário 1 inseriu uma tarefa
info: O usuário 1 inseriu uma tarefa
info: O usuário 1 inseriu uma tarefa
info: O usuário 1 inseriu uma tarefa
info: O usuário 1 inseriu uma anotação
info: O usuário 1 inseriu uma anotação
info: O usuário 1 apagou uma anotação
info: O usuário 1 apagou uma anotação
info: O usuário 1 inseriu uma anotação
info: O usuário 1 inseriu uma anotação
info: O usuário 1 inseriu uma anotação
info: O usuário 1 inseriu uma anotação
info: O usuário 1 inseriu uma anotação
info: O usuário 1 inseriu uma anotação
info: O usuário 1 inseriu uma anotação
info: O usuário 1 inseriu uma anotação
info: O usuário 1 inseriu uma anotação
info: O usuário 1 inseriu uma anotação
info: O usuário 1 inseriu uma anotação
info: O usuário 1 inseriu uma anotação
info: O usuário 1 inseriu uma anotação
info: O usuário 1 inseriu uma anotação
info: O usuário 1 inseriu uma anotação
info: O usuário 1 inseriu uma anotação
info: O usuário 1 inseriu uma anotação
info: O usuário 1 inseriu uma anotação
info: O usuário 1 inseriu uma anotação
info: O usuário 1 inseriu uma anotação
info: O usuário 1 inseriu uma anotação
info: O usuário 1 inseriu uma anotação
info: O usuário 1 inseriu uma anotação
info: O usuário 1 inseriu uma anotação
info: O usuário 1 inseriu uma anotação
info: O usuário 1 inseriu uma anotação
info: O usuário 1 inseriu uma anotação
info: O usuário 1 inseriu uma anotação
info: O usuário 1 inseriu uma anotação
info: O usuário 1 inseriu uma anotação
info: O usuário 1 inseriu uma anotação
info: O usuário 1 inseriu uma anotação
info: O usuário 1 inseriu uma anotação
info: O usuário 1 inseriu uma anotação
info: O usuário 1 inseriu uma anotação
info: O usuário 1 inseriu uma anotação
info: O usuário 1 inseriu uma anotação
info: O usuário 1 inseriu uma anotação
info: O usuário 1 inseriu uma anotação
info: O usuário 1 apagou uma anotação
info: O usuário 1 apagou uma anotação
info: O usuário 1 apagou uma anotação
info: O usuário 1 apagou uma anotação
info: O usuário 1 apagou uma anotação
info: O usuário 1 apagou uma anotação
info: O usuário 1 apagou uma anotação
info: O usuário 1 apagou uma anotação
info: O usuário 1 apagou uma anotação
info: O usuário 1 apagou uma anotação
info: O usuário 1 apagou uma anotação
info: O usuário 1 apagou uma anotação
=======
info: O usuário 1 inseriu uma anotação
info: O usuário 1 inseriu uma tarefa
>>>>>>> 9f945be428ba652332787eba2e08eae7b89a8c31
info: O usuário 1 inseriu uma anotação
info: O usuário 1 inseriu uma anotação
info: O usuário 1 inseriu uma anotação
info: O usuário 1 inseriu uma anotação
info: O usuário 1 inseriu uma anotação
info: O usuário 1 inseriu uma anotação
info: O usuário 1 inseriu uma anotação
info: O usuário 1 inseriu uma anotação
info: O usuário 1 inseriu uma anotação
info: O usuário 1 inseriu uma anotação
info: O usuário 1 inseriu uma anotação
info: O usuário 1 apagou uma anotação
info: O usuário 1 apagou uma anotação
info: O usuário 1 apagou uma anotação
info: O usuário 1 apagou uma anotação
info: O usuário 1 apagou uma anotação
info: O usuário 1 apagou uma anotação
info: O usuário 1 apagou uma anotação
info: O usuário 1 apagou uma anotação
info: O usuário 1 apagou uma anotação
info: O usuário 1 apagou uma anotação
info: O usuário 1 apagou uma anotação
info: O usuário 1 apagou uma anotação
info: O usuário 1 inseriu uma tarefa
info: O usuário 1 apagou uma anotação
info: O usuário 1 apagou uma anotação
info: O usuário 1 apagou uma anotação
info: O usuário 1 apagou uma anotação
info: O usuário 1 apagou uma anotação
info: O usuário 1 apagou uma anotação
info: O usuário 1 apagou uma anotação
info: O usuário 1 apagou uma anotação
info: O usuário 1 apagou uma anotação
info: O usuário 1 apagou uma anotação
info: O usuário 1 apagou uma anotação
info: O usuário 1 apagou uma anotação
info: O usuário 1 apagou uma anotação
info: O usuário 1 apagou uma anotação
info: O usuário 1 apagou uma anotação
info: O usuário 1 apagou uma anotação
info: O usuário 1 apagou uma anotação
info: O usuário 1 apagou uma anotação
info: O usuário 1 apagou uma anotação
info: O usuário 1 apagou uma anotação
info: O usuário 1 apagou uma anotação
info: O usuário 1 inseriu uma anotação
info: O usuário 1 inseriu uma anotação
info: O usuário 1 inseriu uma anotação
info: O usuário 1 inseriu uma anotação
info: O usuário 1 inseriu uma anotação
info: O usuário 1 inseriu uma anotação
info: O usuário 1 inseriu uma anotação
info: O usuário 1 inseriu uma anotação
info: O usuário 1 inseriu uma anotação
info: O usuário 1 inseriu uma anotação
info: O usuário 1 inseriu uma anotação
info: O usuário 1 inseriu uma anotação
info: O usuário 1 inseriu uma anotação
info: O usuário 1 inseriu uma anotação
info: O usuário 1 inseriu uma anotação
info: O usuário 1 inseriu uma anotação
info: O usuário 1 inseriu uma anotação
info: O usuário 1 inseriu uma anotação
info: O usuário 1 inseriu uma anotação
info: O usuário 1 inseriu uma anotação
info: O usuário 1 inseriu uma anotação
info: O usuário 1 inseriu uma anotação
info: O usuário 1 inseriu uma anotação
info: O usuário 1 inseriu uma anotação
info: O usuário 1 inseriu uma anotação
info: O usuário 1 inseriu uma anotação
info: O usuário 1 inseriu uma anotação
info: O usuário 1 inseriu uma anotação
info: O usuário 1 inseriu uma anotação
info: O usuário 1 inseriu uma anotação
info: O usuário 1 inseriu uma anotação
info: O usuário 1 inseriu uma anotação
info: O usuário 1 inseriu uma anotação
info: O usuário 1 inseriu uma anotação
info: O usuário 1 inseriu uma anotação
info: O usuário 1 inseriu uma anotação
info: O usuário 1 inseriu uma anotação
info: O usuário 1 inseriu uma anotação
info: O usuário 1 inseriu uma anotação
info: O usuário 1 inseriu uma anotação
info: O usuário 1 inseriu uma anotação
info: O usuário 1 inseriu uma anotação
info: O usuário 1 inseriu uma anotação
info: O usuário 1 inseriu uma anotação
info: O usuário 1 inseriu uma anotação
info: O usuário 1 inseriu uma anotação
info: O usuário 1 inseriu uma anotação
info: O usuário 1 inseriu uma anotação
info: O usuário 1 inseriu uma anotação
info: O usuário 1 inseriu uma anotação
info: O usuário 1 inseriu uma anotação
info: O usuário 1 inseriu uma anotação
info: O usuário 1 inseriu uma anotação
info: O usuário 1 inseriu uma anotação
info: O usuário 1 inseriu uma anotação
info: O usuário 1 inseriu uma anotação
info: O usuário 1 inseriu uma anotação
info: O usuário 1 inseriu uma anotação
info: O usuário 1 inseriu uma anotação
info: O usuário 1 inseriu uma anotação
info: O usuário 1 inseriu uma anotação
info: O usuário 1 inseriu uma anotação
info: O usuário 1 inseriu uma anotação
info: O usuário 1 inseriu uma anotação
info: O usuário 1 inseriu uma anotação
info: O usuário 1 inseriu uma anotação
info: O usuário 1 inseriu uma anotação
info: O usuário 1 inseriu uma anotação
info: O usuário 1 inseriu uma anotação
info: O usuário 1 inseriu uma tarefa
info: O usuário 1 inseriu uma anotação
info: O usuário 1 apagou uma anotação
info: O usuário 1 apagou uma anotação
info: O usuário 1 inseriu uma anotação
info: O usuário 1 inseriu uma anotação
info: O usuário 1 inseriu uma anotação
info: O usuário 1 inseriu uma anotação
info: O usuário 1 inseriu uma anotação
info: O usuário 1 inseriu uma anotação
info: O usuário 1 inseriu uma anotação
info: O usuário 1 inseriu uma anotação
info: O usuário 1 inseriu uma anotação
info: O usuário 1 inseriu uma anotação
info: O usuário 1 inseriu uma anotação
info: O usuário 1 inseriu uma anotação
info: O usuário 1 inseriu uma anotação
info: O usuário 1 inseriu uma anotação
info: O usuário 1 inseriu uma anotação
info: O usuário 1 inseriu uma anotação
info: O usuário 1 inseriu uma anotação
info: O usuário 1 inseriu uma anotação
info: O usuário 1 inseriu uma anotação
info: O usuário 1 inseriu uma anotação
info: O usuário 1 inseriu uma anotação
info: O usuário 1 inseriu uma anotação
